<?xml version="1.0" encoding="UTF-8"?>
<testsuite name="SelectionSortTests" tests="4" skipped="0" failures="0" errors="0" timestamp="2019-10-10T01:31:12" hostname="Aravinds-MacBook-Pro-2.local" time="0.007">
  <properties/>
  <testcase name="validateSorting" classname="SelectionSortTests" time="0.005"/>
  <testcase name="dummyArray" classname="SelectionSortTests" time="0.0"/>
  <testcase name="validateSingleIntArray" classname="SelectionSortTests" time="0.001"/>
  <testcase name="validateNull" classname="SelectionSortTests" time="0.0"/>
  <system-out><![CDATA[]]></system-out>
  <system-err><![CDATA[]]></system-err>
</testsuite>
